<?xml version="1.0" encoding="utf-8" standalone="no"?>
<test-run id="0" name="Content.IntegrationTests.dll" fullname="C:\greybox\persist\SS14-Persistence\bin\Content.IntegrationTests\Content.IntegrationTests.dll" runstate="Runnable" testcasecount="5522" result="Passed" total="0" passed="0" failed="0" warnings="0" inconclusive="0" skipped="0" asserts="0" engine-version="3.18.1.0" clr-version="10.0.7" start-time="2026-05-03 13:33:46Z" end-time="2026-05-03 13:33:46Z" duration="0.018456">
  <command-line><![CDATA[C:\greybox\persist\SS14-Persistence\bin\Content.IntegrationTests\testhost.dll --port 58304 --endpoint 127.0.0.1:058304 --role client --parentprocessid 3476 --telemetryoptedin false]]></command-line>
  <filter>
    <test re="1">Tests\.Construction\.RCDTests</test>
  </filter>
  <test-suite type="Assembly" id="0-6768" name="Content.IntegrationTests.dll" fullname="C:\greybox\persist\SS14-Persistence\bin\Content.IntegrationTests\Content.IntegrationTests.dll" runstate="Runnable" testcasecount="5522" result="Passed" start-time="2026-05-03T13:33:46.0694691Z" end-time="2026-05-03T13:33:46.0708255Z" duration="0.001401" total="0" passed="0" failed="0" warnings="0" inconclusive="0" skipped="0" asserts="0">
    <environment framework-version="4.4.0.0" clr-version="10.0.7" os-version="Microsoft Windows 10.0.26100" platform="Win32NT" cwd="C:\greybox\persist\SS14-Persistence\test_results" machine-name="ORACLE" user="Grey" user-domain="Oracle" culture="en-GB" uiculture="en-GB" os-architecture="x64" />
    <settings>
      <setting name="SynchronousEvents" value="False" />
      <setting name="InternalTraceLevel" value="Off" />
      <setting name="RandomSeed" value="346345427" />
      <setting name="SkipNonTestAssemblies" value="True" />
      <setting name="ProcessModel" value="InProcess" />
      <setting name="DomainUsage" value="Single" />
      <setting name="DefaultTestNamePattern" value="{m}{a}" />
      <setting name="WorkDirectory" value="C:\\greybox\\persist\\SS14-Persistence/test_results" />
      <setting name="NumberOfTestWorkers" value="20" />
    </settings>
    <properties>
      <property name="ParallelScope" value="Children" />
      <property name="LevelOfParallelism" value="2" />
      <property name="Timeout" value="60000" />
      <property name="_PID" value="14772" />
      <property name="_APPDOMAIN" value="testhost" />
    </properties>
  </test-suite>
</test-run>